<?xml version="1.0" encoding="UTF-8"?>
<!-- Generated by org.testng.reporters.JUnitXMLReporter -->
<testsuite hostname="DESKTOP-BGD5SC2" ignored="2" name="Default test" tests="3" failures="0" timestamp="31 Mar 2022 11:25:33 GMT" time="10.98" errors="0">
  <testcase name="close1" time="0.223" classname="com.flipkart.stepDefinition.SamsungMobileValidation"/>
  <testcase name="search2" time="0.297" classname="com.flipkart.stepDefinition.SamsungMobileValidation"/>
  <testcase name="names" time="1.759" classname="com.flipkart.stepDefinition.SamsungMobileValidation"/>
  <testcase name="validation1" time="0.0" classname="com.flipkart.stepDefinition.SamsungMobileValidation">
    <ignored/>
  </testcase> <!-- validation1 -->
  <testcase name="window1" time="0.0" classname="com.flipkart.stepDefinition.SamsungMobileValidation">
    <ignored/>
  </testcase> <!-- window1 -->
</testsuite> <!-- Default test -->
