<?xml version="1.0" encoding="UTF-8"?>
<!-- Generated by org.testng.reporters.JUnitXMLReporter -->
<testsuite hostname="DESKTOP-BGD5SC2" ignored="9" name="Test" tests="2" failures="0" timestamp="31 Mar 2022 11:30:45 GMT" time="8.542" errors="0">
  <testcase name="close" time="0.143" classname="com.flipkart.stepDefinition.MobileValidation"/>
  <testcase name="search" time="0.241" classname="com.flipkart.stepDefinition.MobileValidation"/>
  <testcase name="validation" time="0.0" classname="com.flipkart.stepDefinition.MobileValidation">
    <ignored/>
  </testcase> <!-- validation -->
  <testcase name="validation1" time="0.0" classname="com.flipkart.stepDefinition.SamsungMobileValidation">
    <ignored/>
  </testcase> <!-- validation1 -->
  <testcase name="search2" time="0.0" classname="com.flipkart.stepDefinition.SamsungMobileValidation">
    <ignored/>
  </testcase> <!-- search2 -->
  <testcase name="window1" time="0.0" classname="com.flipkart.stepDefinition.SamsungMobileValidation">
    <ignored/>
  </testcase> <!-- window1 -->
  <testcase name="close1" time="0.0" classname="com.flipkart.stepDefinition.SamsungMobileValidation">
    <ignored/>
  </testcase> <!-- close1 -->
  <testcase name="window" time="0.0" classname="com.flipkart.stepDefinition.MobileValidation">
    <ignored/>
  </testcase> <!-- window -->
  <testcase name="name" time="0.0" classname="com.flipkart.stepDefinition.MobileValidation">
    <ignored/>
  </testcase> <!-- name -->
  <testcase name="names" time="0.0" classname="com.flipkart.stepDefinition.SamsungMobileValidation">
    <ignored/>
  </testcase> <!-- names -->
  <testcase name="Success" time="0.0" classname="com.flipkart.stepDefinition.MobileValidation">
    <ignored/>
  </testcase> <!-- Success -->
</testsuite> <!-- Test -->
